Z:\MEDEV\TP-AVIONS\TP-AVIONS\TP-AVIONS\DEBUG\AVION.OBJ
Z:\MEDEV\TP-AVIONS\TP-AVIONS\TP-AVIONS\DEBUG\AVIONAMI.OBJ
Z:\MEDEV\TP-AVIONS\TP-AVIONS\TP-AVIONS\DEBUG\AVIONENNEMI.OBJ
Z:\MEDEV\TP-AVIONS\TP-AVIONS\TP-AVIONS\DEBUG\GENERALCALLBACK.OBJ
Z:\MEDEV\TP-AVIONS\TP-AVIONS\TP-AVIONS\DEBUG\MAIN.OBJ
Z:\MEDEV\TP-AVIONS\TP-AVIONS\TP-AVIONS\DEBUG\STDAFX.OBJ
Z:\MEDEV\TP-AVIONS\TP-AVIONS\TP-AVIONS\DEBUG\VC110.PDB
Z:\MEDEV\TP-AVIONS\TP-AVIONS\DEBUG\TP-AVIONS.ILK
Z:\MEDEV\TP-AVIONS\TP-AVIONS\DEBUG\TP-AVIONS.EXE
Z:\MEDEV\TP-AVIONS\TP-AVIONS\DEBUG\TP-AVIONS.PDB
Z:\MEDEV\TP-avions\TP-avions\TP-avions\Debug\Avion.obj
Z:\MEDEV\TP-avions\TP-avions\TP-avions\Debug\AvionAmi.obj
Z:\MEDEV\TP-avions\TP-avions\TP-avions\Debug\AvionEnnemi.obj
Z:\MEDEV\TP-avions\TP-avions\TP-avions\Debug\GeneralCallback.obj
Z:\MEDEV\TP-avions\TP-avions\TP-avions\Debug\main.obj
Z:\MEDEV\TP-avions\TP-avions\TP-avions\Debug\stdafx.obj
Z:\MEDEV\TP-avions\TP-avions\TP-avions\Debug\cl.command.1.tlog
Z:\MEDEV\TP-avions\TP-avions\TP-avions\Debug\CL.read.1.tlog
Z:\MEDEV\TP-avions\TP-avions\TP-avions\Debug\CL.write.1.tlog
Z:\MEDEV\TP-avions\TP-avions\TP-avions\Debug\link-cvtres.read.1.tlog
Z:\MEDEV\TP-avions\TP-avions\TP-avions\Debug\link-cvtres.write.1.tlog
Z:\MEDEV\TP-avions\TP-avions\TP-avions\Debug\link-rc.read.1.tlog
Z:\MEDEV\TP-avions\TP-avions\TP-avions\Debug\link-rc.write.1.tlog
Z:\MEDEV\TP-avions\TP-avions\TP-avions\Debug\link.command.1.tlog
Z:\MEDEV\TP-avions\TP-avions\TP-avions\Debug\link.read.1.tlog
Z:\MEDEV\TP-avions\TP-avions\TP-avions\Debug\link.write.1.tlog
Z:\MEDEV\TP-avions\TP-avions\TP-avions\Debug\vc110.idb
Z:\MEDEV\TP-avions\TP-avions\TP-avions\Debug\vc110.pdb
Z:\MEDEV\TP-avions\TP-avions\Debug\TP-avions.pdb
Z:\MEDEV\TP-avions\TP-avions\Debug\TP-avions.exe
Z:\MEDEV\TP-avions\TP-avions\Debug\TP-avions.ilk
